# Logfile created on 2013-03-29 14:41:36 +0530 by logger.rb/31641
2013-03-29T14:41:36+0530: [Worker(delayed_job host:Gupta pid:15683)] Starting job worker
2013-03-29T14:44:13+0530: [Worker(delayed_job host:Gupta pid:15683)] Exiting...
2013-03-29T14:44:18+0530: [Worker(delayed_job host:Gupta pid:15851)] Starting job worker
2013-03-29T14:45:06+0530: [Worker(delayed_job host:Gupta pid:15851)] Class#invites failed with Net::SMTPAuthenticationError: 535-5.7.1 Username and Password not accepted. Learn more at
 - 0 failed attempts
2013-03-29T14:45:06+0530: [Worker(delayed_job host:Gupta pid:15851)] 1 jobs processed at 0.2940 j/s, 1 failed ...
2013-03-29T14:45:18+0530: [Worker(delayed_job host:Gupta pid:15851)] Class#invites failed with Net::SMTPAuthenticationError: 535-5.7.1 Username and Password not accepted. Learn more at
 - 1 failed attempts
2013-03-29T14:45:18+0530: [Worker(delayed_job host:Gupta pid:15851)] 1 jobs processed at 0.5035 j/s, 1 failed ...
2013-03-29T14:45:45+0530: [Worker(delayed_job host:Gupta pid:15851)] Class#invites failed with Net::SMTPAuthenticationError: 535-5.7.1 Username and Password not accepted. Learn more at
 - 2 failed attempts
2013-03-29T14:45:45+0530: [Worker(delayed_job host:Gupta pid:15851)] 1 jobs processed at 0.4972 j/s, 1 failed ...
2013-03-29T14:47:17+0530: [Worker(delayed_job host:Gupta pid:15851)] Class#invites failed with OpenSSL::SSL::SSLError: SSL_read:: sslv3 alert bad record mac - 3 failed attempts
2013-03-29T14:47:17+0530: [Worker(delayed_job host:Gupta pid:15851)] 1 jobs processed at 0.4784 j/s, 1 failed ...
2013-03-29T14:51:44+0530: [Worker(delayed_job host:Gupta pid:15851)] Class#invites failed with Net::SMTPAuthenticationError: 535-5.7.1 Username and Password not accepted. Learn more at
 - 4 failed attempts
2013-03-29T14:51:44+0530: [Worker(delayed_job host:Gupta pid:15851)] 1 jobs processed at 0.4956 j/s, 1 failed ...
2013-03-29T14:57:12+0530: [Worker(delayed_job host:Gupta pid:15851)] Class#invites failed with Net::SMTPAuthenticationError: 535-5.7.1 Username and Password not accepted. Learn more at
 - 0 failed attempts
2013-03-29T14:57:12+0530: [Worker(delayed_job host:Gupta pid:15851)] 1 jobs processed at 0.3560 j/s, 1 failed ...
2013-03-29T14:57:25+0530: [Worker(delayed_job host:Gupta pid:15851)] Class#invites failed with Net::SMTPAuthenticationError: 535-5.7.1 Username and Password not accepted. Learn more at
 - 1 failed attempts
2013-03-29T14:57:25+0530: [Worker(delayed_job host:Gupta pid:15851)] 1 jobs processed at 0.3953 j/s, 1 failed ...
2013-03-29T14:57:53+0530: [Worker(delayed_job host:Gupta pid:15851)] Class#invites failed with Net::SMTPAuthenticationError: 535-5.7.1 Username and Password not accepted. Learn more at
 - 2 failed attempts
2013-03-29T14:57:53+0530: [Worker(delayed_job host:Gupta pid:15851)] 1 jobs processed at 0.2815 j/s, 1 failed ...
2013-03-29T14:59:01+0530: [Worker(delayed_job host:Gupta pid:15851)] Class#invites failed with Net::SMTPAuthenticationError: 535-5.7.1 Username and Password not accepted. Learn more at
 - 0 failed attempts
2013-03-29T14:59:01+0530: [Worker(delayed_job host:Gupta pid:15851)] 1 jobs processed at 0.3705 j/s, 1 failed ...
2013-03-29T14:59:13+0530: [Worker(delayed_job host:Gupta pid:15851)] Class#invites failed with Net::SMTPAuthenticationError: 535-5.7.1 Username and Password not accepted. Learn more at
 - 1 failed attempts
2013-03-29T14:59:14+0530: [Worker(delayed_job host:Gupta pid:15851)] 1 jobs processed at 0.4417 j/s, 1 failed ...
2013-03-29T14:59:37+0530: [Worker(delayed_job host:Gupta pid:15851)] Class#invites failed with Net::SMTPAuthenticationError: 535-5.7.1 Username and Password not accepted. Learn more at
 - 2 failed attempts
2013-03-29T14:59:37+0530: [Worker(delayed_job host:Gupta pid:15851)] 1 jobs processed at 0.3253 j/s, 1 failed ...
2013-03-29T15:01:09+0530: [Worker(delayed_job host:Gupta pid:15851)] Class#invites failed with Net::SMTPAuthenticationError: 535-5.7.1 Username and Password not accepted. Learn more at
 - 3 failed attempts
2013-03-29T15:01:09+0530: [Worker(delayed_job host:Gupta pid:15851)] 1 jobs processed at 0.3915 j/s, 1 failed ...
2013-03-29T15:03:02+0530: [Worker(delayed_job host:Gupta pid:15851)] Class#invites failed with Net::SMTPAuthenticationError: 535-5.7.1 Username and Password not accepted. Learn more at
 - 0 failed attempts
2013-03-29T15:03:02+0530: [Worker(delayed_job host:Gupta pid:15851)] 1 jobs processed at 0.3544 j/s, 1 failed ...
2013-03-29T15:03:15+0530: [Worker(delayed_job host:Gupta pid:15851)] Class#invites failed with Net::SMTPAuthenticationError: 535-5.7.1 Username and Password not accepted. Learn more at
 - 1 failed attempts
2013-03-29T15:03:15+0530: [Worker(delayed_job host:Gupta pid:15851)] 1 jobs processed at 0.3937 j/s, 1 failed ...
2013-03-29T15:03:42+0530: [Worker(delayed_job host:Gupta pid:15851)] Class#invites failed with Net::SMTPAuthenticationError: 535-5.7.1 Username and Password not accepted. Learn more at
 - 2 failed attempts
2013-03-29T15:03:43+0530: [Worker(delayed_job host:Gupta pid:15851)] 1 jobs processed at 0.3623 j/s, 1 failed ...
2013-03-29T15:05:09+0530: [Worker(delayed_job host:Gupta pid:15851)] Class#invites failed with Net::SMTPAuthenticationError: 535-5.7.1 Username and Password not accepted. Learn more at
 - 3 failed attempts
2013-03-29T15:05:10+0530: [Worker(delayed_job host:Gupta pid:15851)] 1 jobs processed at 0.4954 j/s, 1 failed ...
2013-03-29T15:05:31+0530: [Worker(delayed_job host:Gupta pid:15851)] Class#invites failed with Net::SMTPAuthenticationError: 535-5.7.1 Username and Password not accepted. Learn more at
 - 4 failed attempts
2013-03-29T15:05:32+0530: [Worker(delayed_job host:Gupta pid:15851)] 1 jobs processed at 0.5076 j/s, 1 failed ...
2013-03-29T15:11:34+0530: [Worker(delayed_job host:Gupta pid:15851)] Class#invites failed with Net::SMTPAuthenticationError: 535-5.7.1 Username and Password not accepted. Learn more at
 - 0 failed attempts
2013-03-29T15:11:34+0530: [Worker(delayed_job host:Gupta pid:15851)] 1 jobs processed at 0.4911 j/s, 1 failed ...
2013-03-29T15:11:46+0530: [Worker(delayed_job host:Gupta pid:15851)] Class#invites failed with Net::SMTPAuthenticationError: 535-5.7.1 Username and Password not accepted. Learn more at
 - 1 failed attempts
2013-03-29T15:11:46+0530: [Worker(delayed_job host:Gupta pid:15851)] 1 jobs processed at 0.4844 j/s, 1 failed ...
2013-03-29T15:12:13+0530: [Worker(delayed_job host:Gupta pid:15851)] Class#invites failed with Net::SMTPAuthenticationError: 535-5.7.1 Username and Password not accepted. Learn more at
 - 2 failed attempts
2013-03-29T15:12:13+0530: [Worker(delayed_job host:Gupta pid:15851)] 1 jobs processed at 0.5007 j/s, 1 failed ...
2013-03-29T15:13:12+0530: [Worker(delayed_job host:Gupta pid:15851)] Exiting...
2013-03-29T15:13:15+0530: [Worker(delayed_job host:Gupta pid:17718)] Starting job worker
2013-03-29T15:13:41+0530: [Worker(delayed_job host:Gupta pid:17718)] Class#invites failed with OpenSSL::SSL::SSLError: hostname does not match the server certificate - 3 failed attempts
2013-03-29T15:13:41+0530: [Worker(delayed_job host:Gupta pid:17718)] 1 jobs processed at 0.7057 j/s, 1 failed ...
2013-03-29T15:14:11+0530: [Worker(delayed_job host:Gupta pid:17718)] Class#invites failed with OpenSSL::SSL::SSLError: hostname does not match the server certificate - 0 failed attempts
2013-03-29T15:14:11+0530: [Worker(delayed_job host:Gupta pid:17718)] 1 jobs processed at 4.6137 j/s, 1 failed ...
2013-03-29T15:14:21+0530: [Worker(delayed_job host:Gupta pid:17718)] Class#invites failed with OpenSSL::SSL::SSLError: hostname does not match the server certificate - 1 failed attempts
2013-03-29T15:14:22+0530: [Worker(delayed_job host:Gupta pid:17718)] 1 jobs processed at 4.0682 j/s, 1 failed ...
2013-03-29T15:14:42+0530: [Worker(delayed_job host:Gupta pid:17718)] Class#invites failed with OpenSSL::SSL::SSLError: hostname does not match the server certificate - 2 failed attempts
2013-03-29T15:14:42+0530: [Worker(delayed_job host:Gupta pid:17718)] 1 jobs processed at 4.8646 j/s, 1 failed ...
2013-03-29T15:16:12+0530: [Worker(delayed_job host:Gupta pid:17718)] Class#invites failed with OpenSSL::SSL::SSLError: hostname does not match the server certificate - 3 failed attempts
2013-03-29T15:16:13+0530: [Worker(delayed_job host:Gupta pid:17718)] 1 jobs processed at 1.4055 j/s, 1 failed ...
2013-03-29T15:24:18+0530: [Worker(delayed_job host:Gupta pid:17718)] Class#invites failed with OpenSSL::SSL::SSLError: hostname does not match the server certificate - 0 failed attempts
2013-03-29T15:24:18+0530: [Worker(delayed_job host:Gupta pid:17718)] 1 jobs processed at 2.6845 j/s, 1 failed ...
2013-03-29T15:24:28+0530: [Worker(delayed_job host:Gupta pid:17718)] Class#invites failed with OpenSSL::SSL::SSLError: hostname does not match the server certificate - 1 failed attempts
2013-03-29T15:24:28+0530: [Worker(delayed_job host:Gupta pid:17718)] 1 jobs processed at 4.9122 j/s, 1 failed ...
2013-03-29T15:24:53+0530: [Worker(delayed_job host:Gupta pid:17718)] Class#invites failed with OpenSSL::SSL::SSLError: hostname does not match the server certificate - 2 failed attempts
2013-03-29T15:24:54+0530: [Worker(delayed_job host:Gupta pid:17718)] 1 jobs processed at 5.1059 j/s, 1 failed ...
2013-03-29T15:25:51+0530: [Worker(delayed_job host:Gupta pid:17718)] Exiting...
2013-03-29T15:25:55+0530: [Worker(delayed_job host:Gupta pid:18551)] Starting job worker
2013-03-29T15:26:29+0530: [Worker(delayed_job host:Gupta pid:18551)] Class#invites completed after 8.2368
2013-03-29T15:26:29+0530: [Worker(delayed_job host:Gupta pid:18551)] 1 jobs processed at 0.1198 j/s, 0 failed ...
2013-03-29T15:27:10+0530: [Worker(delayed_job host:Gupta pid:18551)] Class#invites completed after 5.8264
2013-03-29T15:27:10+0530: [Worker(delayed_job host:Gupta pid:18551)] 1 jobs processed at 0.1689 j/s, 0 failed ...
